---------------------------------------------------------------------------------------------------------------------------------
      name:  <unnamed>
       log:  [HIDDEN_PATH]\Results_high_probability_chosen_PRE_vs_POST.log
  log type:  text
 opened on:  17 Dec 2018, 17:34:43

. use "[HIDDEN_PATH]\dataset.dta", clear

. signtest PRE_hi_prob_chosen_total = POST_hi_prob_chosen_total

Sign test

        sign |    observed    expected
-------------+------------------------
    positive |           5         9.5
    negative |          14         9.5
        zero |           0           0
-------------+------------------------
         all |          19          19

One-sided tests:
  Ho: median of PRE_hi_p~l - POST_hi_prob_chosen_total = 0 vs.
  Ha: median of PRE_hi_p~l - POST_hi_prob_chosen_total > 0
      Pr(#positive >= 5) =
         Binomial(n = 19, x >= 5, p = 0.5) =  0.9904

  Ho: median of PRE_hi_p~l - POST_hi_prob_chosen_total = 0 vs.
  Ha: median of PRE_hi_p~l - POST_hi_prob_chosen_total < 0
      Pr(#negative >= 14) =
         Binomial(n = 19, x >= 14, p = 0.5) =  0.0318

Two-sided test:
  Ho: median of PRE_hi_p~l - POST_hi_prob_chosen_total = 0 vs.
  Ha: median of PRE_hi_p~l - POST_hi_prob_chosen_total != 0
      Pr(#positive >= 14 or #negative >= 14) =
         min(1, 2*Binomial(n = 19, x >= 14, p = 0.5)) =  0.0636

. log close
      name:  <unnamed>
       log:  [HIDDEN_PATH]\Results_high_probability_chosen_PRE_vs_POST.log
  log type:  text
 closed on:  17 Dec 2018, 17:34:56
---------------------------------------------------------------------------------------------------------------------------------
